093815.323: 
093815.324: **************************************************************************
093815.419: * IOSv is strictly limited to use for evaluation, demonstration and IOS  *
093815.647: * education. IOSv is provided as-is and is not supported by Cisco's      *
093817.400: * Technical Advisory Center. Any use or disclosure, in whole or in part, *
093817.401: * of the IOSv Software or Documentation to any third party for any       *
093817.401: * purposes is expressly prohibited except as otherwise authorized by     *
093817.401: * Cisco in writing.                                                      *
093817.401: **************************************************************************
093915.888: R1>
093915.889: R1>
093916.212: R1>
093916.212: R1>
093916.212: R1>
093916.212: R1>
093916.292: R1>
093916.292: R1>
093916.292: R1>
093918.388: R1>en
093918.616: R1#terminal length 0
093918.907: R1#terminal monitor
093918.908: % Console already monitors
093918.908: R1#
093919.547: R1#
093919.547: R1#
093919.705: R1#
093919.705: R1#
093920.094: R1#
093925.138: R1#show run
093925.138: Building configuration...
093927.164: 
093927.164: Current configuration : 3155 bytes
093927.164: !
093927.168: version 15.9
093927.169: service timestamps debug datetime msec
093927.170: service timestamps log datetime msec
093927.170: no service password-encryption
093927.170: !
093927.170: hostname R1
093927.171: !
093927.171: boot-start-marker
093927.171: boot-end-marker
093927.172: !
093927.172: !
093927.172: !
093927.172: no aaa new-model
093927.172: !
093927.172: !
093927.172: !
093927.174: mmi polling-interval 60
093927.175: no mmi auto-configure
093927.175: no mmi pvc
093927.366: mmi snmp-timeout 180
093927.366: !
093927.366: !
093927.366: !
093927.367: !
093927.367: !
093927.367: !
093927.367: !
093927.367: !
093927.367: !
093927.367: !
093927.367: !
093927.367: no ip domain lookup
093927.367: ip cef
093927.606: no ipv6 cef
093927.606: !
093927.609: multilink bundle-name authenticated
093927.609: !
093927.609: !
093927.609: !
093927.609: !
093927.609: !
093927.610: redundancy
093927.610: !
093927.610: !
093927.610: ! 
093927.610: !
093927.610: !
093927.610: !
093927.610: !
093927.611: !
093927.611: !
093927.611: !
093928.089: !
093928.089: !
093928.089: !
093928.089: !
093928.090: !
093928.090: interface Loopback0
093928.091:  ip address 1.1.1.1 255.255.255.255
093928.091: !
093928.091: interface GigabitEthernet0/0
093928.092:  ip address 10.10.12.1 255.255.255.252
093928.092:  duplex auto
093928.095:  speed auto
093928.095:  media-type rj45
093928.095: !
093928.095: interface GigabitEthernet0/1
093928.096:  no ip address
093928.096:  shutdown
093928.096:  duplex auto
093928.097:  speed auto
093928.561:  media-type rj45
093928.561: !
093928.561: interface GigabitEthernet0/2
093928.562:  no ip address
093928.562:  shutdown
093928.563:  duplex auto
093928.563:  speed auto
093928.563:  media-type rj45
093928.563: !
093928.564: interface GigabitEthernet0/3
093928.564:  no ip address
093928.564:  shutdown
093928.564:  duplex auto
093928.564:  speed auto
093928.564:  media-type rj45
093928.565: !
093928.565: router ospf 1
093928.565:  router-id 1.1.1.1
093929.062:  network 1.1.1.1 0.0.0.0 area 10
093929.063:  network 10.10.12.0 0.0.0.3 area 10
093929.063: !
093929.063: ip forward-protocol nd
093929.064: !
093929.064: !
093929.064: no ip http server
093929.064: no ip http secure-server
093929.065: !
093929.065: ipv6 ioam timestamp
093929.065: !
093929.065: !
093929.065: !
093929.066: control-plane
093929.066: !
093929.066: banner exec ^C
093929.067: **********************************************************093929.068: ****************
093929.071: * IOSv is strictly limited to use for evaluation, demonstr093929.218: ation and IOS  *
093929.219: * education. IOSv is provided as-is and is not supported b093929.219: y Cisco's      *
093929.220: * Technical Advisory Center. Any use or disclosure, in who093929.221: le or in part, *
093929.221: * of the IOSv Software or Documentation to any third party093929.223:  for any       *
093929.223: * purposes is expressly prohibited except as otherwise aut093929.224: horized by     *
093929.225: * Cisco in writing.                                       093929.225:                *
093929.404: **********************************************************093929.406: ****************^C
093929.406: banner incoming ^C
093929.755: **********************************************************093929.757: ****************
093929.758: * IOSv is strictly limited to use for evaluation, demonstr093929.759: ation and IOS  *
093929.992: * education. IOSv is provided as-is and is not supported b093929.994: y Cisco's      *
093929.995: * Technical Advisory Center. Any use or disclosure, in who093929.995: le or in part, *
093929.996: * of the IOSv Software or Documentation to any third party093929.997:  for any       *
093929.998: * purposes is expressly prohibited except as otherwise aut093930.150: horized by     *
093930.152: * Cisco in writing.                                       093930.152:                *
093930.474: **********************************************************093930.475: ****************^C
093930.475: banner login ^C
093930.476: **********************************************************093930.476: ****************
093930.622: * IOSv is strictly limited to use for evaluation, demonstr093930.623: ation and IOS  *
093930.624: * education. IOSv is provided as-is and is not supported b093930.624: y Cisco's      *
093930.625: * Technical Advisory Center. Any use or disclosure, in who093930.625: le or in part, *
093930.691: * of the IOSv Software or Documentation to any third party093930.692:  for any       *
093930.733: * purposes is expressly prohibited except as otherwise aut093930.791: horized by     *
093930.857: * Cisco in writing.                                       093930.858:                *
093931.032: **********************************************************093931.035: ****************^C
093931.035: !
093931.035: line con 0
093931.035:  exec-timeout 0 0
093931.087:  logging synchronous
093931.087: line aux 0
093931.087:  exec-timeout 0 0
093931.180: line vty 0 4
093931.180:  exec-timeout 0 0
093931.370:  logging synchronous
093931.370:  login
093931.371:  transport input none
093931.371: !
093931.371: no scheduler allocate
093931.371: !
093931.372: end
093931.372: 
093942.173: R1#conf t
093942.174: Enter configuration commands, one per line.  End with CNTL093942.175: /Z.
093942.175: R1(config)#no banner exec
093942.374: R1(config)#no banner login
093942.374: R1(config)#no banner incoming
093942.375: R1(config)#no banner motd
093942.375: R1(config)#no mmi polling-interval
093942.556: R1(config)#no mmi auto-configure
093942.556: R1(config)#no mmi pvc
093942.557: R1(config)#no mmi snmp-timeout
093942.781: R1(config)#no multilink bundle-name authenticated
093942.781: R1(config)#no ipv6 ioam timestamp
093942.782: R1(config)#no scheduler allocate
093942.782: R1(config)#no ip http server
093942.783: R1(config)#no ip http secure-server
093942.783: R1(config)#no ip domain lookup
093942.783: R1(config)#end
093942.830: R1#wr
093942.830: Building configuration...
093944.911: [OK]
093944.911: *May  8 01:39:46.343: %SYS-5-CONFIG_I: Configured from con093946.055: sole by console
093946.055: R1#
093946.056: *May  8 01:39:48.100: %GRUB-5-CONFIG_WRITING: GRUB configu093946.058: ration is being updated on disk. Please wait...
093946.059: *May  8 01:39:49.115: %GRUB-5-CONFIG_WRITTEN: GRUB configu093946.059: ration was written to disk successfully.
093948.433: R1#
093948.486: R1#
093948.546: R1#
093948.876: R1#
093949.108: R1#
093949.488: R1#
093949.698: R1#
093949.894: R1#
093949.894: R1#
093953.091: R1#show run
093953.091: Building configuration...
093955.033: 
093955.033: Current configuration : 1346 bytes
093955.033: !
093955.033: ! Last configuration change at 01:39:46 UTC Fri May 8 2026
093955.033: !
093955.034: version 15.9
093955.034: service timestamps debug datetime msec
093955.035: service timestamps log datetime msec
093955.035: no service password-encryption
093955.035: !
093955.036: hostname R1
093955.036: !
093955.036: boot-start-marker
093955.036: boot-end-marker
093955.037: !
093955.037: !
093955.037: !
093955.037: no aaa new-model
093955.038: !
093955.038: !
093955.038: !
093955.038: mmi polling-interval 60
093955.039: no mmi auto-configure
093955.108: no mmi pvc
093955.108: mmi snmp-timeout 180
093955.108: !
093955.109: !
093955.109: !
093955.109: !
093955.109: !
093955.223: !
093955.223: !
093955.223: !
093955.223: !
093955.223: !
093955.223: !
093955.224: no ip domain lookup
093955.224: ip cef
093955.496: no ipv6 cef
093955.496: !
093955.496: multilink bundle-name authenticated
093955.496: !
093955.496: !
093955.497: !
093955.497: !
093955.497: !
093955.497: redundancy
093955.497: !
093955.497: !
093955.497: ! 
093955.497: !
093955.498: !
093955.498: !
093955.498: !
093955.498: !
093955.498: !
093955.498: !
093955.498: !
093955.501: !
093955.501: !
093955.501: !
093955.501: !
093955.784: interface Loopback0
093955.785:  ip address 1.1.1.1 255.255.255.255
093955.785: !
093955.786: interface GigabitEthernet0/0
093955.786:  ip address 10.10.12.1 255.255.255.252
093955.786:  duplex auto
093955.787:  speed auto
093956.053:  media-type rj45
093956.053: !
093956.053: interface GigabitEthernet0/1
093956.053:  no ip address
093956.054:  shutdown
093956.054:  duplex auto
093956.054:  speed auto
093956.054:  media-type rj45
093956.054: !
093956.055: interface GigabitEthernet0/2
093956.055:  no ip address
093956.055:  shutdown
093956.055:  duplex auto
093956.056:  speed auto
093956.247:  media-type rj45
093956.247: !
093956.247: interface GigabitEthernet0/3
093956.247:  no ip address
093956.248:  shutdown
093956.248:  duplex auto
093956.248:  speed auto
093956.248:  media-type rj45
093956.248: !
093956.248: router ospf 1
093956.249:  router-id 1.1.1.1
093956.249:  network 1.1.1.1 0.0.0.0 area 10
093956.249:  network 10.10.12.0 0.0.0.3 area 10
093956.249: !
093956.249: ip forward-protocol nd
093956.703: !
093956.703: !
093956.703: no ip http server
093956.703: no ip http secure-server
093956.703: !
093956.703: !
093956.703: !
093956.703: !
093956.703: control-plane
093956.703: !
093956.704: !
093956.704: line con 0
093956.704:  exec-timeout 0 0
093956.704:  logging synchronous
093956.705: line aux 0
093956.705:  exec-timeout 0 0
093956.705: line vty 0 4
093956.706:  exec-timeout 0 0
093956.706:  logging synchronous
093956.706:  login
093956.707:  transport input none
093956.707: !
093956.707: no scheduler allocate
093956.707: !
093956.707: end
093956.707: 
095212.231: R1#
095212.293: *May  8 01:52:14.422: %OSPF-5-ADJCHG: Process 1, Nbr 12.12095212.339: .12.12 on GigabitEthernet0/0 from FULL to DOWN, Neighbor D095212.386: own: Dead timer expired
100231.190: R1#
100231.198: *May  8 02:02:34.003: %OSPF-5-ADJCHG: Process 1, Nbr 12.12100231.293: .12.12 on GigabitEthernet0/0 from LOADING to FULL, Loading100231.294:  Done
100910.101: R1#ping 5.5.5.5 source
100916.008: R1#ping 5.5.5.5 source 1.1.1.1
100916.008: Type escape sequence to abort.
100916.057: Sending 5, 100-byte ICMP Echos to 5.5.5.5, timeout is 2 se100916.102: conds:
100916.157: Packet sent with a source address of 1.1.1.1 
100916.157: !!!!!
100916.264: Success rate is 100 percent (5/5), round-trip min/avg/max 100916.265: = 5/6/8 ms
100940.438: R1#ping 4.4.4.4 source 1.1.1.1
100940.439: Type escape sequence to abort.
100940.518: Sending 5, 100-byte ICMP Echos to 4.4.4.4, timeout is 2 se100940.575: conds:
100940.623: Packet sent with a source address of 1.1.1.1 
100940.623: !!!!!
100940.674: Success rate is 100 percent (5/5), round-trip min/avg/max 100940.674: = 4/5/6 ms
100948.609: R1#ping 3.3.3.3 source 1.1.1.1
100948.610: Type escape sequence to abort.
100948.706: Sending 5, 100-byte ICMP Echos to 3.3.3.3, timeout is 2 se100948.707: conds:
100948.754: Packet sent with a source address of 1.1.1.1 
100948.754: !!!!!
100948.850: Success rate is 100 percent (5/5), round-trip min/avg/max 100948.851: = 4/4/6 ms
101403.686: R1#
101403.686: R1#
101403.686: R1#
101403.833: R1#terminal length 0
101403.944: R1#more system:running-config
101405.773: !
101405.827: ! Last configuration change at 01:39:46 UTC Fri May 8 2026
101405.857: !
101405.858: version 15.9
101405.908: service timestamps debug datetime msec
101405.946: service timestamps log datetime msec
101405.987: no service password-encryption
101406.030: !
101406.031: hostname R1
101406.031: !
101406.067: boot-start-marker
101406.075: boot-end-marker
101406.075: !
101406.075: !
101406.075: !
101406.110: no aaa new-model
101406.114: !
101406.114: !
101406.114: !
101406.157: mmi polling-interval 60
101406.196: no mmi auto-configure
101406.203: no mmi pvc
101406.236: mmi snmp-timeout 180
101406.236: !
101406.236: !
101406.240: !
101406.240: !
101406.242: !
101406.243: !
101406.243: !
101406.278: !
101406.280: !
101406.280: !
101406.280: !
101406.319: no ip domain lookup
101406.319: ip cef
101406.325: no ipv6 cef
101406.326: !
101406.366: multilink bundle-name authenticated
101406.403: !
101406.403: !
101406.404: !
101406.404: !
101406.404: !
101406.410: redundancy
101406.410: !
101406.410: !
101406.446: ! 
101406.446: !
101406.446: !
101406.447: !
101406.447: !
101406.450: !
101406.450: !
101406.450: !
101406.450: !
101406.450: !
101406.489: !
101406.489: !
101406.489: !
101406.495: interface Loopback0
101406.573:  ip address 1.1.1.1 255.255.255.255
101406.573: !
101406.613: interface GigabitEthernet0/0
101406.655:  ip address 10.10.12.1 255.255.255.252
101406.660:  duplex auto
101406.700:  speed auto
101406.709:  media-type rj45
101406.709: !
101406.748: interface GigabitEthernet0/1
101406.785:  no ip address
101406.790:  shutdown
101406.831:  duplex auto
101406.831:  speed auto
101406.835:  media-type rj45
101406.872: !
101406.915: interface GigabitEthernet0/2
101406.916:  no ip address
101406.919:  shutdown
101406.957:  duplex auto
101406.961:  speed auto
101406.999:  media-type rj45
101406.999: !
101407.040: interface GigabitEthernet0/3
101407.044:  no ip address
101407.084:  shutdown
101407.088:  duplex auto
101407.089:  speed auto
101407.129:  media-type rj45
101407.129: !
101407.167: router ospf 1
101407.170:  router-id 1.1.1.1
101407.216:  network 1.1.1.1 0.0.0.0 area 10
101407.259:  network 10.10.12.0 0.0.0.3 area 10
101407.298: !
101407.303: ip forward-protocol nd
101407.303: !
101407.304: !
101407.341: no ip http server
101407.383: no ip http secure-server
101407.383: !
101407.386: !
101407.386: !
101407.386: !
101407.420: control-plane
101407.422: !
101407.422: !
101407.426: line con 0
101407.466:  exec-timeout 0 0
101407.505:  logging synchronous
101407.505: line aux 0
101407.554:  exec-timeout 0 0
101407.554: line vty 0 4
101407.588:  exec-timeout 0 0
101407.594:  logging synchronous
101407.630:  login
101407.635:  transport input none
101407.635: !
101407.676: no scheduler allocate
101407.676: !
101407.676: end
101407.676: 
101437.590: R1#
101437.778: R1#
101437.925: R1#
101442.099: R1#do wr
101442.100:       ^
101442.144: % Invalid input detected at '^' marker.
101442.144: 
101444.847: R1#wr
101444.847: Building configuration...
101447.348: [OK]
101448.128: R1#
101448.179: *May  8 02:14:50.850: %GRUB-5-CONFIG_WRITING: GRUB configu101448.241: ration is being updated on disk. Please wait...
101448.298: *May  8 02:14:51.640: %GRUB-5-CONFIG_WRITTEN: GRUB configu101448.345: ration was written to disk successfully.
