093852.360: 
093915.688: R4>
093916.199: R4>
093916.199: R4>
093916.199: R4>
093916.199: R4>
093916.199: R4>
093916.298: R4>
093916.298: R4>
093916.298: R4>
093918.394: R4>en
093918.615: R4#terminal length 0
093918.905: R4#terminal monitor
093918.905: % Console already monitors
093918.906: R4#
093919.303: R4#
093919.553: R4#
093919.818: R4#
093919.819: R4#
093920.123: R4#
093925.143: R4#show run
093925.143: Building configuration...
093927.182: 
093927.184: Current configuration : 3222 bytes
093927.184: !
093927.184: version 15.9
093927.184: service timestamps debug datetime msec
093927.184: service timestamps log datetime msec
093927.184: no service password-encryption
093927.185: !
093927.185: hostname R4
093927.185: !
093927.185: boot-start-marker
093927.185: boot-end-marker
093927.186: !
093927.191: !
093927.192: !
093927.192: no aaa new-model
093927.192: !
093927.192: !
093927.192: !
093927.192: mmi polling-interval 60
093927.192: no mmi auto-configure
093927.192: no mmi pvc
093927.358: mmi snmp-timeout 180
093927.359: !
093927.359: !
093927.360: !
093927.360: !
093927.360: !
093927.360: !
093927.361: !
093927.361: !
093927.361: !
093927.361: !
093927.361: !
093927.361: no ip domain lookup
093927.361: ip cef
093927.361: no ipv6 cef
093927.362: !
093927.623: multilink bundle-name authenticated
093927.623: !
093927.623: !
093927.623: !
093927.623: !
093927.623: !
093927.623: redundancy
093927.623: !
093927.623: !
093927.623: ! 
093927.624: !
093927.624: !
093927.624: !
093927.624: !
093927.624: !
093927.624: !
093927.624: !
093927.625: !
093927.625: !
093927.625: !
093927.625: !
093927.625: !
093928.110: interface Loopback0
093928.110:  ip address 4.4.4.4 255.255.255.255
093928.110: !
093928.111: interface GigabitEthernet0/0
093928.111:  ip address 10.0.34.2 255.255.255.252
093928.111:  duplex auto
093928.111:  speed auto
093928.111:  media-type rj45
093928.111: !
093928.111: interface GigabitEthernet0/1
093928.112:  ip address 10.0.45.1 255.255.255.252
093928.112:  duplex auto
093928.112:  speed auto
093928.579:  media-type rj45
093928.579: !
093928.579: interface GigabitEthernet0/2
093928.579:  no ip address
093928.579:  shutdown
093928.579:  duplex auto
093928.579:  speed auto
093928.579:  media-type rj45
093928.579: !
093928.582: interface GigabitEthernet0/3
093928.583:  no ip address
093928.583:  shutdown
093928.583:  duplex auto
093928.583:  speed auto
093928.583:  media-type rj45
093928.583: !
093928.583: router ospf 4
093928.583:  router-id 4.4.4.4
093928.583:  area 2 stub no-summary
093929.087:  network 4.4.4.4 0.0.0.0 area 0
093929.087:  network 10.0.34.0 0.0.0.3 area 0
093929.088:  network 10.0.45.0 0.0.0.3 area 2
093929.088: !
093929.088: ip forward-protocol nd
093929.088: !
093929.088: !
093929.088: no ip http server
093929.089: no ip http secure-server
093929.089: !
093929.089: ipv6 ioam timestamp
093929.091: !
093929.091: !
093929.091: !
093929.091: control-plane
093929.091: !
093929.091: banner exec ^C
093929.091: **********************************************************093929.091: ****************
093929.241: * IOSv is strictly limited to use for evaluation, demonstr093929.241: ation and IOS  *
093929.242: * education. IOSv is provided as-is and is not supported b093929.242: y Cisco's      *
093929.242: * Technical Advisory Center. Any use or disclosure, in who093929.243: le or in part, *
093929.243: * of the IOSv Software or Documentation to any third party093929.243:  for any       *
093929.243: * purposes is expressly prohibited except as otherwise aut093929.244: horized by     *
093929.413: * Cisco in writing.                                       093929.413:                *
093929.767: **********************************************************093929.768: ****************^C
093929.769: banner incoming ^C
093929.769: **********************************************************093929.770: ****************
093929.772: * IOSv is strictly limited to use for evaluation, demonstr093929.773: ation and IOS  *
093930.011: * education. IOSv is provided as-is and is not supported b093930.012: y Cisco's      *
093930.012: * Technical Advisory Center. Any use or disclosure, in who093930.012: le or in part, *
093930.013: * of the IOSv Software or Documentation to any third party093930.013:  for any       *
093930.160: * purposes is expressly prohibited except as otherwise aut093930.161: horized by     *
093930.463: * Cisco in writing.                                       093930.464:                *
093930.465: **********************************************************093930.466: ****************^C
093930.466: banner login ^C
093930.605: **********************************************************093930.606: ****************
093930.607: * IOSv is strictly limited to use for evaluation, demonstr093930.609: ation and IOS  *
093930.610: * education. IOSv is provided as-is and is not supported b093930.611: y Cisco's      *
093930.682: * Technical Advisory Center. Any use or disclosure, in who093930.683: le or in part, *
093930.736: * of the IOSv Software or Documentation to any third party093930.737:  for any       *
093930.853: * purposes is expressly prohibited except as otherwise aut093930.854: horized by     *
093930.911: * Cisco in writing.                                       093931.015:                *
093931.015: **********************************************************093931.077: ****************^C
093931.077: !
093931.077: line con 0
093931.164:  exec-timeout 0 0
093931.164:  logging synchronous
093931.164: line aux 0
093931.358:  exec-timeout 0 0
093931.359: line vty 0 4
093931.359:  exec-timeout 0 0
093931.359:  logging synchronous
093931.359:  login
093931.363:  transport input none
093931.364: !
093931.364: no scheduler allocate
093931.364: !
093931.364: end
093931.364: 
093942.163: R4#conf t
093942.164: Enter configuration commands, one per line.  End with CNTL093942.165: /Z.
093942.166: R4(config)#no banner exec
093942.359: R4(config)#no banner login
093942.360: R4(config)#no banner incoming
093942.360: R4(config)#no banner motd
093942.361: R4(config)#no mmi polling-interval
093942.542: R4(config)#no mmi auto-configure
093942.542: R4(config)#no mmi pvc
093942.543: R4(config)#no mmi snmp-timeout
093942.774: R4(config)#no multilink bundle-name authenticated
093942.774: R4(config)#no ipv6 ioam timestamp
093942.775: R4(config)#no scheduler allocate
093942.775: R4(config)#no ip http server
093942.775: R4(config)#no ip http secure-server
093942.776: R4(config)#no ip domain lookup
093942.820: R4(config)#end
093942.820: R4#wr
093942.949: Building configuration...
093944.522: [OK]
093944.524: *May  8 01:39:45.233: %SYS-5-CONFIG_I: Configured from con093945.951: sole by console
093946.218: R4#
093946.219: *May  8 01:39:47.048: %GRUB-5-CONFIG_WRITING: GRUB configu093946.222: ration is being updated on disk. Please wait...
093946.223: *May  8 01:39:47.846: %GRUB-5-CONFIG_WRITTEN: GRUB configu093946.275: ration was written to disk successfully.
093948.427: R4#
093948.481: R4#
093948.582: R4#
093948.943: R4#
093948.943: R4#
093949.593: R4#
093949.704: R4#
093949.704: R4#
093949.898: R4#
093953.101: R4#show run
093953.101: Building configuration...
093954.807: 
093954.808: Current configuration : 1413 bytes
093954.808: !
093955.065: ! Last configuration change at 01:39:45 UTC Fri May 8 2026
093955.065: !
093955.066: version 15.9
093955.066: service timestamps debug datetime msec
093955.066: service timestamps log datetime msec
093955.067: no service password-encryption
093955.067: !
093955.067: hostname R4
093955.067: !
093955.067: boot-start-marker
093955.067: boot-end-marker
093955.068: !
093955.068: !
093955.068: !
093955.068: no aaa new-model
093955.068: !
093955.068: !
093955.068: !
093955.069: mmi polling-interval 60
093955.069: no mmi auto-configure
093955.069: no mmi pvc
093955.192: mmi snmp-timeout 180
093955.192: !
093955.193: !
093955.193: !
093955.193: !
093955.193: !
093955.193: !
093955.193: !
093955.194: !
093955.194: !
093955.194: !
093955.194: !
093955.197: no ip domain lookup
093955.197: ip cef
093955.480: no ipv6 cef
093955.480: !
093955.481: multilink bundle-name authenticated
093955.481: !
093955.481: !
093955.481: !
093955.481: !
093955.481: !
093955.482: redundancy
093955.482: !
093955.484: !
093955.484: ! 
093955.484: !
093955.484: !
093955.484: !
093955.485: !
093955.485: !
093955.485: !
093955.485: !
093955.486: !
093955.486: !
093955.486: !
093955.486: !
093955.486: !
093955.769: interface Loopback0
093955.769:  ip address 4.4.4.4 255.255.255.255
093955.771: !
093955.771: interface GigabitEthernet0/0
093955.771:  ip address 10.0.34.2 255.255.255.252
093955.771:  duplex auto
093955.772:  speed auto
093956.037:  media-type rj45
093956.037: !
093956.038: interface GigabitEthernet0/1
093956.038:  ip address 10.0.45.1 255.255.255.252
093956.039:  duplex auto
093956.039:  speed auto
093956.039:  media-type rj45
093956.039: !
093956.040: interface GigabitEthernet0/2
093956.040:  no ip address
093956.040:  shutdown
093956.042:  duplex auto
093956.042:  speed auto
093956.233:  media-type rj45
093956.233: !
093956.234: interface GigabitEthernet0/3
093956.234:  no ip address
093956.234:  shutdown
093956.235:  duplex auto
093956.235:  speed auto
093956.235:  media-type rj45
093956.236: !
093956.236: router ospf 4
093956.236:  router-id 4.4.4.4
093956.236:  area 2 stub no-summary
093956.237:  network 4.4.4.4 0.0.0.0 area 0
093956.237:  network 10.0.34.0 0.0.0.3 area 0
093956.677:  network 10.0.45.0 0.0.0.3 area 2
093956.677: !
093956.678: ip forward-protocol nd
093956.678: !
093956.678: !
093956.678: no ip http server
093956.679: no ip http secure-server
093956.679: !
093956.679: !
093956.679: !
093956.679: !
093956.679: control-plane
093956.679: !
093956.679: !
093956.681: line con 0
093956.681:  exec-timeout 0 0
093956.681:  logging synchronous
093956.681: line aux 0
093956.681:  exec-timeout 0 0
093956.684: line vty 0 4
093956.684:  exec-timeout 0 0
093956.684:  logging synchronous
093956.685:  login
093956.685:  transport input none
093956.685: !
093956.685: no scheduler allocate
093956.685: !
093956.686: end
093956.686: 
101002.789: R4#ping 1.1.1.1 sou 4.4.4.4
101002.789: Type escape sequence to abort.
101002.869: Sending 5, 100-byte ICMP Echos to 1.1.1.1, timeout is 2 se101002.870: conds:
101002.934: Packet sent with a source address of 4.4.4.4 
101002.934: !!!!!
101002.988: Success rate is 100 percent (5/5), round-trip min/avg/max 101002.989: = 5/5/6 ms
101408.949: R4#
101408.949: R4#
101408.949: R4#
101409.164: R4#terminal length 0
101409.279: R4#more system:running-config
101411.308: !
101411.358: ! Last configuration change at 01:39:45 UTC Fri May 8 2026
101411.393: !
101411.394: version 15.9
101411.439: service timestamps debug datetime msec
101411.482: service timestamps log datetime msec
101411.521: no service password-encryption
101411.558: !
101411.559: hostname R4
101411.559: !
101411.604: boot-start-marker
101411.610: boot-end-marker
101411.610: !
101411.610: !
101411.610: !
101411.644: no aaa new-model
101411.650: !
101411.650: !
101411.650: !
101411.689: mmi polling-interval 60
101411.728: no mmi auto-configure
101411.734: no mmi pvc
101411.770: mmi snmp-timeout 180
101411.770: !
101411.770: !
101411.778: !
101411.778: !
101411.778: !
101411.779: !
101411.779: !
101411.811: !
101411.811: !
101411.812: !
101411.812: !
101411.853: no ip domain lookup
101411.854: ip cef
101411.861: no ipv6 cef
101411.861: !
101411.902: multilink bundle-name authenticated
101411.936: !
101411.936: !
101411.937: !
101411.937: !
101411.937: !
101411.945: redundancy
101411.945: !
101411.945: !
101411.980: ! 
101411.980: !
101411.980: !
101411.980: !
101411.981: !
101411.984: !
101411.984: !
101411.984: !
101411.985: !
101411.985: !
101412.027: !
101412.027: !
101412.027: !
101412.030: interface Loopback0
101412.108:  ip address 4.4.4.4 255.255.255.255
101412.109: !
101412.149: interface GigabitEthernet0/0
101412.192:  ip address 10.0.34.2 255.255.255.252
101412.197:  duplex auto
101412.234:  speed auto
101412.239:  media-type rj45
101412.239: !
101412.277: interface GigabitEthernet0/1
101412.347:  ip address 10.0.45.1 255.255.255.252
101412.351:  duplex auto
101412.380:  speed auto
101412.385:  media-type rj45
101412.385: !
101412.432: interface GigabitEthernet0/2
101412.465:  no ip address
101412.469:  shutdown
101412.509:  duplex auto
101412.519:  speed auto
101412.550:  media-type rj45
101412.550: !
101412.592: interface GigabitEthernet0/3
101412.601:  no ip address
101412.601:  shutdown
101412.635:  duplex auto
101412.641:  speed auto
101412.681:  media-type rj45
101412.681: !
101412.685: router ospf 4
101412.724:  router-id 4.4.4.4
101412.760:  area 2 stub no-summary
101412.803:  network 4.4.4.4 0.0.0.0 area 0
101412.844:  network 10.0.34.0 0.0.0.3 area 0
101412.894:  network 10.0.45.0 0.0.0.3 area 2
101412.894: !
101412.928: ip forward-protocol nd
101412.928: !
101412.935: !
101412.970: no ip http server
101413.016: no ip http secure-server
101413.016: !
101413.016: !
101413.016: !
101413.016: !
101413.025: control-plane
101413.025: !
101413.057: !
101413.058: line con 0
101413.095:  exec-timeout 0 0
101413.101:  logging synchronous
101413.138: line aux 0
101413.145:  exec-timeout 0 0
101413.180: line vty 0 4
101413.188:  exec-timeout 0 0
101413.224:  logging synchronous
101413.227:  login
101413.264:  transport input none
101413.264: !
101413.307: no scheduler allocate
101413.307: !
101413.307: end
101413.307: 
101437.599: R4#
101437.756: R4#
101437.932: R4#
101442.106: R4#do wr
101442.106:       ^
101442.161: % Invalid input detected at '^' marker.
101442.161: 
101444.842: R4#wr
101444.842: Building configuration...
101447.300: [OK]
101447.755: R4#
101447.815: *May  8 02:14:49.695: %GRUB-5-CONFIG_WRITING: GRUB configu101447.859: ration is being updated on disk. Please wait...
101447.916: *May  8 02:14:50.485: %GRUB-5-CONFIG_WRITTEN: GRUB configu101448.035: ration was written to disk successfully.
