093900.854: 
093900.855: Translating "fnnv"
093900.855: 
093900.855: Translating "fnnv"
093900.855: 
093900.855: % Bad IP address or host name
093900.856: % Unknown command or computer name, or unable to find comp093900.856: uter address
093901.131: R5#terminal length 0
093901.484: R5#terminal monitor
093901.484: % Console already monitors
093915.849: R5#
093915.849: R5#
093916.207: R5#
093916.208: R5#
093916.208: R5#
093916.208: R5#
093916.208: R5#
093916.299: R5#
093916.299: R5#
093918.395: R5#en
093918.906: R5#
093919.554: R5#
093919.554: R5#
093919.703: R5#
093919.704: R5#
093920.094: R5#
093925.143: R5#show run
093925.143: Building configuration...
093927.194: 
093927.194: Current configuration : 3164 bytes
093927.194: !
093927.194: version 15.9
093927.194: service timestamps debug datetime msec
093927.195: service timestamps log datetime msec
093927.195: no service password-encryption
093927.195: !
093927.195: hostname R5
093927.195: !
093927.196: boot-start-marker
093927.196: boot-end-marker
093927.196: !
093927.196: !
093927.196: !
093927.196: no aaa new-model
093927.196: !
093927.197: !
093927.197: !
093927.197: mmi polling-interval 60
093927.363: no mmi auto-configure
093927.364: no mmi pvc
093927.364: mmi snmp-timeout 180
093927.364: !
093927.364: !
093927.364: !
093927.364: !
093927.364: !
093927.364: !
093927.364: !
093927.364: !
093927.365: !
093927.365: !
093927.365: !
093927.631: no ip domain lookup
093927.631: ip cef
093927.632: no ipv6 cef
093927.632: !
093927.632: multilink bundle-name authenticated
093927.632: !
093927.632: !
093927.632: !
093927.632: !
093927.632: !
093927.632: redundancy
093927.632: !
093927.632: !
093927.633: ! 
093927.633: !
093927.633: !
093928.113: !
093928.113: !
093928.113: !
093928.113: !
093928.113: !
093928.113: !
093928.113: !
093928.113: !
093928.113: !
093928.113: !
093928.114: interface Loopback0
093928.114:  ip address 5.5.5.5 255.255.255.255
093928.114: !
093928.114: interface GigabitEthernet0/0
093928.114:  no ip address
093928.114:  shutdown
093928.114:  duplex auto
093928.114:  speed auto
093928.114:  media-type rj45
093928.114: !
093928.115: interface GigabitEthernet0/1
093928.116:  ip address 10.0.45.2 255.255.255.252
093928.592:  duplex auto
093928.592:  speed auto
093928.592:  media-type rj45
093928.593: !
093928.593: interface GigabitEthernet0/2
093928.593:  no ip address
093928.593:  shutdown
093928.593:  duplex auto
093928.593:  speed auto
093928.593:  media-type rj45
093928.594: !
093928.594: interface GigabitEthernet0/3
093928.594:  no ip address
093928.594:  shutdown
093928.594:  duplex auto
093928.595:  speed auto
093928.595:  media-type rj45
093928.595: !
093928.595: router ospf 5
093928.595:  router-id 5.5.5.5
093928.595:  area 2 stub
093929.093:  network 5.5.5.5 0.0.0.0 area 2
093929.093:  network 10.0.45.0 0.0.0.3 area 2
093929.093: !
093929.093: ip forward-protocol nd
093929.093: !
093929.093: !
093929.093: no ip http server
093929.094: no ip http secure-server
093929.094: !
093929.094: ipv6 ioam timestamp
093929.094: !
093929.094: !
093929.094: !
093929.094: control-plane
093929.094: !
093929.094: banner exec ^C
093929.094: **********************************************************093929.095: ****************
093929.245: * IOSv is strictly limited to use for evaluation, demonstr093929.246: ation and IOS  *
093929.246: * education. IOSv is provided as-is and is not supported b093929.247: y Cisco's      *
093929.247: * Technical Advisory Center. Any use or disclosure, in who093929.247: le or in part, *
093929.248: * of the IOSv Software or Documentation to any third party093929.248:  for any       *
093929.248: * purposes is expressly prohibited except as otherwise aut093929.249: horized by     *
093929.416: * Cisco in writing.                                       093929.416:                *
093929.417: **********************************************************093929.788: ****************^C
093929.789: banner incoming ^C
093929.789: **********************************************************093929.789: ****************
093929.789: * IOSv is strictly limited to use for evaluation, demonstr093929.791: ation and IOS  *
093930.017: * education. IOSv is provided as-is and is not supported b093930.017: y Cisco's      *
093930.017: * Technical Advisory Center. Any use or disclosure, in who093930.017: le or in part, *
093930.017: * of the IOSv Software or Documentation to any third party093930.017:  for any       *
093930.163: * purposes is expressly prohibited except as otherwise aut093930.165: horized by     *
093930.165: * Cisco in writing.                                       093930.166:                *
093930.469: **********************************************************093930.470: ****************^C
093930.471: banner login ^C
093930.471: **********************************************************093930.614: ****************
093930.615: * IOSv is strictly limited to use for evaluation, demonstr093930.615: ation and IOS  *
093930.616: * education. IOSv is provided as-is and is not supported b093930.617: y Cisco's      *
093930.619: * Technical Advisory Center. Any use or disclosure, in who093930.620: le or in part, *
093930.687: * of the IOSv Software or Documentation to any third party093930.740:  for any       *
093930.796: * purposes is expressly prohibited except as otherwise aut093930.797: horized by     *
093930.913: * Cisco in writing.                                       093930.914:                *
093931.021: **********************************************************093931.023: ****************^C
093931.023: !
093931.024: line con 0
093931.079:  exec-timeout 0 0
093931.081:  logging synchronous
093931.172: line aux 0
093931.173:  exec-timeout 0 0
093931.173: line vty 0 4
093931.367:  exec-timeout 0 0
093931.368:  logging synchronous
093931.368:  login
093931.368:  transport input none
093931.368: !
093931.369: no scheduler allocate
093931.369: !
093931.369: end
093931.369: 
093942.168: R5#conf t
093942.169: Enter configuration commands, one per line.  End with CNTL093942.169: /Z.
093942.169: R5(config)#no banner exec
093942.364: R5(config)#no banner login
093942.364: R5(config)#no banner incoming
093942.364: R5(config)#no banner motd
093942.365: R5(config)#no mmi polling-interval
093942.552: R5(config)#no mmi auto-configure
093942.553: R5(config)#no mmi pvc
093942.553: R5(config)#no mmi snmp-timeout
093942.778: R5(config)#no multilink bundle-name authenticated
093942.778: R5(config)#no ipv6 ioam timestamp
093942.778: R5(config)#no scheduler allocate
093942.778: R5(config)#no ip http server
093942.779: R5(config)#no ip http secure-server
093942.779: R5(config)#no ip domain lookup
093942.779: R5(config)#end
093942.825: R5#wr
093942.825: Building configuration...
093944.252: [OK]
093944.253: *May  8 01:39:46.439: %SYS-5-CONFIG_I: Configured from con093945.882: sole by console
093946.229: R5#
093946.230: *May  8 01:39:48.228: %GRUB-5-CONFIG_WRITING: GRUB configu093946.231: ration is being updated on disk. Please wait...
093946.232: *May  8 01:39:49.023: %GRUB-5-CONFIG_WRITTEN: GRUB configu093946.233: ration was written to disk successfully.
093948.428: R5#
093948.485: R5#
093948.545: R5#
093948.945: R5#
093948.945: R5#
093949.274: R5#
093949.596: R5#
093949.706: R5#
093949.706: R5#
093953.104: R5#show run
093953.104: Building configuration...
093955.080: 
093955.080: Current configuration : 1355 bytes
093955.080: !
093955.081: ! Last configuration change at 01:39:46 UTC Fri May 8 2026
093955.081: !
093955.081: version 15.9
093955.082: service timestamps debug datetime msec
093955.082: service timestamps log datetime msec
093955.082: no service password-encryption
093955.082: !
093955.082: hostname R5
093955.083: !
093955.083: boot-start-marker
093955.086: boot-end-marker
093955.086: !
093955.086: !
093955.086: !
093955.086: no aaa new-model
093955.086: !
093955.086: !
093955.086: !
093955.086: mmi polling-interval 60
093955.086: no mmi auto-configure
093955.118: no mmi pvc
093955.118: mmi snmp-timeout 180
093955.118: !
093955.118: !
093955.118: !
093955.118: !
093955.118: !
093955.218: !
093955.219: !
093955.219: !
093955.219: !
093955.219: !
093955.219: !
093955.220: no ip domain lookup
093955.220: ip cef
093955.487: no ipv6 cef
093955.488: !
093955.488: multilink bundle-name authenticated
093955.488: !
093955.488: !
093955.488: !
093955.488: !
093955.488: !
093955.490: redundancy
093955.490: !
093955.490: !
093955.490: ! 
093955.491: !
093955.491: !
093955.491: !
093955.491: !
093955.491: !
093955.491: !
093955.491: !
093955.492: !
093955.492: !
093955.492: !
093955.493: !
093955.493: !
093955.775: interface Loopback0
093955.775:  ip address 5.5.5.5 255.255.255.255
093955.775: !
093955.775: interface GigabitEthernet0/0
093955.776:  no ip address
093955.776:  shutdown
093955.776:  duplex auto
093955.776:  speed auto
093955.777:  media-type rj45
093956.045: !
093956.046: interface GigabitEthernet0/1
093956.046:  ip address 10.0.45.2 255.255.255.252
093956.046:  duplex auto
093956.047:  speed auto
093956.047:  media-type rj45
093956.047: !
093956.047: interface GigabitEthernet0/2
093956.048:  no ip address
093956.048:  shutdown
093956.048:  duplex auto
093956.049:  speed auto
093956.241:  media-type rj45
093956.241: !
093956.241: interface GigabitEthernet0/3
093956.242:  no ip address
093956.242:  shutdown
093956.242:  duplex auto
093956.242:  speed auto
093956.242:  media-type rj45
093956.242: !
093956.242: router ospf 5
093956.242:  router-id 5.5.5.5
093956.243:  area 2 stub
093956.243:  network 5.5.5.5 0.0.0.0 area 2
093956.243:  network 10.0.45.0 0.0.0.3 area 2
093956.243: !
093956.721: ip forward-protocol nd
093956.721: !
093956.721: !
093956.721: no ip http server
093956.721: no ip http secure-server
093956.722: !
093956.722: !
093956.722: !
093956.722: !
093956.722: control-plane
093956.722: !
093956.722: !
093956.722: line con 0
093956.722:  exec-timeout 0 0
093956.722:  logging synchronous
093956.722: line aux 0
093956.722:  exec-timeout 0 0
093956.723: line vty 0 4
093956.723:  exec-timeout 0 0
093956.723:  logging synchronous
093956.723:  login
093956.723:  transport input none
093956.723: !
093956.723: no scheduler allocate
093956.723: !
093956.723: end
093956.723: 
100931.351: R5#ping 1.1.1.1 sou 5.5.5.5
100931.352: Type escape sequence to abort.
100931.447: Sending 5, 100-byte ICMP Echos to 1.1.1.1, timeout is 2 se100931.448: conds:
100931.499: Packet sent with a source address of 5.5.5.5 
100931.499: !!!!!
100931.605: Success rate is 100 percent (5/5), round-trip min/avg/max 100931.606: = 5/5/6 ms
101414.220: R5#
101414.220: R5#
101414.220: R5#
101414.364: R5#terminal length 0
101414.472: R5#more system:running-config
101416.326: !
101416.373: ! Last configuration change at 01:39:46 UTC Fri May 8 2026
101416.409: !
101416.412: version 15.9
101416.458: service timestamps debug datetime msec
101416.504: service timestamps log datetime msec
101416.542: no service password-encryption
101416.579: !
101416.580: hostname R5
101416.580: !
101416.626: boot-start-marker
101416.632: boot-end-marker
101416.632: !
101416.632: !
101416.632: !
101416.664: no aaa new-model
101416.667: !
101416.668: !
101416.668: !
101416.715: mmi polling-interval 60
101416.753: no mmi auto-configure
101416.764: no mmi pvc
101416.797: mmi snmp-timeout 180
101416.797: !
101416.797: !
101416.813: !
101416.813: !
101416.813: !
101416.813: !
101416.813: !
101416.837: !
101416.840: !
101416.840: !
101416.840: !
101416.896: no ip domain lookup
101416.896: ip cef
101416.926: no ipv6 cef
101416.926: !
101416.950: multilink bundle-name authenticated
101416.950: !
101416.950: !
101416.982: !
101416.982: !
101416.983: !
101416.991: redundancy
101416.991: !
101416.991: !
101416.991: ! 
101416.992: !
101417.014: !
101417.015: !
101417.015: !
101417.015: !
101417.015: !
101417.031: !
101417.032: !
101417.032: !
101417.043: !
101417.043: !
101417.043: !
101417.046: interface Loopback0
101417.130:  ip address 5.5.5.5 255.255.255.255
101417.130: !
101417.169: interface GigabitEthernet0/0
101417.173:  no ip address
101417.173:  shutdown
101417.215:  duplex auto
101417.221:  speed auto
101417.257:  media-type rj45
101417.257: !
101417.295: interface GigabitEthernet0/1
101417.341:  ip address 10.0.45.2 255.255.255.252
101417.341:  duplex auto
101417.378:  speed auto
101417.385:  media-type rj45
101417.436: !
101417.450: interface GigabitEthernet0/2
101417.453:  no ip address
101417.483:  shutdown
101417.487:  duplex auto
101417.527:  speed auto
101417.533:  media-type rj45
101417.533: !
101417.576: interface GigabitEthernet0/3
101417.617:  no ip address
101417.630:  shutdown
101417.651:  duplex auto
101417.652:  speed auto
101417.694:  media-type rj45
101417.694: !
101417.700: router ospf 5
101417.737:  router-id 5.5.5.5
101417.742:  area 2 stub
101417.784:  network 5.5.5.5 0.0.0.0 area 2
101417.828:  network 10.0.45.0 0.0.0.3 area 2
101417.828: !
101417.876: ip forward-protocol nd
101417.876: !
101417.876: !
101417.910: no ip http server
101417.951: no ip http secure-server
101417.951: !
101417.951: !
101417.951: !
101417.957: !
101417.990: control-plane
101417.990: !
101417.990: !
101418.000: line con 0
101418.034:  exec-timeout 0 0
101418.040:  logging synchronous
101418.075: line aux 0
101418.081:  exec-timeout 0 0
101418.114: line vty 0 4
101418.118:  exec-timeout 0 0
101418.169:  logging synchronous
101418.170:  login
101418.203:  transport input none
101418.203: !
101418.241: no scheduler allocate
101418.241: !
101418.245: end
101418.245: 
101437.600: R5#
101437.776: R5#
101437.934: R5#
101442.109: R5#do wr
101442.109:       ^
101442.169: % Invalid input detected at '^' marker.
101442.169: 
101444.817: R5#wr
101444.818: Building configuration...
101447.275: [OK]
101447.664: R5#
101447.734: *May  8 02:14:50.911: %GRUB-5-CONFIG_WRITING: GRUB configu101447.790: ration is being updated on disk. Please wait...
101447.846: *May  8 02:14:51.698: %GRUB-5-CONFIG_WRITTEN: GRUB configu101447.895: ration was written to disk successfully.
