155959.869: -SIGNATURE_VERIFIED: Image 'flash0:/vios-adventerprisek9-m' pa155959.869: ssed code signing verification
155959.870: *May  7 07:59:51.145: %OSPF-5-ADJCHG: Process 1, Nbr 1.1.1.1 o160001.485: n GigabitEthernet0/0 from LOADING to FULL, Loading Done
160001.485: **************************************************************160001.486: ************
160001.487: * IOSv is strictly limited to use for evaluation, demonstratio160001.572: n and IOS  *
160001.573: * education. IOSv is provided as-is and is not supported by Ci160001.574: sco's      *
160001.779: * Technical Advisory Center. Any use or disclosure, in whole o160001.780: r in part, *
160001.781: * of the IOSv Software or Documentation to any third party for160001.782:  any       *
160002.137: * purposes is expressly prohibited except as otherwise authori160002.138: zed by     *
160002.138: * Cisco in writing.                                           160002.139:            *
160002.310: **************************************************************160002.312: ************
160006.066: R2>en
160006.267: R2#terminal length 0
160006.506: R2#terminal monitor
160006.506: % Console already monitors
160011.912: R2#show run
160011.913: Building configuration...
160013.687: 
160013.688: Current configuration : 3357 bytes
160013.688: !
160013.688: version 15.9
160013.775: service timestamps debug datetime msec
160013.775: service timestamps log datetime msec
160013.878: no service password-encryption
160013.879: !
160013.879: hostname R2
160013.879: !
160013.879: boot-start-marker
160013.879: boot-end-marker
160013.880: !
160013.966: !
160013.966: !
160013.967: no aaa new-model
160013.967: !
160013.967: !
160013.967: !
160013.968: mmi polling-interval 60
160014.090: no mmi auto-configure
160014.090: no mmi pvc
160014.090: mmi snmp-timeout 180
160014.091: !
160014.091: !
160014.091: !
160014.091: !
160014.091: !
160014.091: !
160014.095: !
160014.095: !
160014.095: ip vrf FinDep
160014.205:  rd 100:1
160014.206:  route-target export 100:1
160014.206:  route-target import 100:1
160014.206: !
160014.206: !
160014.206: !
160014.206: !
160014.207: no ip domain lookup
160014.290: ip cef
160014.290: no ipv6 cef
160014.290: !
160014.384: multilink bundle-name authenticated
160014.384: !
160014.384: !
160014.384: !
160014.384: !
160014.384: !
160014.384: redundancy
160014.384: !
160014.384: !
160014.384: ! 
160014.384: !
160014.385: !
160014.385: !
160014.385: !
160014.385: !
160014.385: !
160014.385: !
160014.385: !
160014.386: !
160014.386: !
160014.386: !
160014.587: !
160014.587: interface Loopback0
160014.587:  ip address 2.2.2.2 255.255.255.255
160014.587: !
160014.588: interface GigabitEthernet0/0
160014.588:  ip vrf forwarding FinDep
160014.715:  ip address 10.10.12.2 255.255.255.252
160014.715:  duplex auto
160014.715:  speed auto
160014.715:  media-type rj45
160014.715: !
160014.715: interface GigabitEthernet0/1
160014.830:  ip address 10.0.23.1 255.255.255.252
160014.830:  duplex auto
160014.830:  speed auto
160014.830:  media-type rj45
160014.833: !
160014.913: interface GigabitEthernet0/2
160014.913:  no ip address
160014.914:  shutdown
160014.914:  duplex auto
160015.045:  speed auto
160015.045:  media-type rj45
160015.046: !
160015.046: interface GigabitEthernet0/3
160015.046:  no ip address
160015.046:  shutdown
160015.155:  duplex auto
160015.155:  speed auto
160015.155:  media-type rj45
160015.155: !
160015.155: router ospf 1 vrf FinDep
160015.155:  router-id 12.12.12.12
160015.231:  network 10.10.12.0 0.0.0.3 area 10
160015.231: !
160015.319: router ospf 2
160015.320:  router-id 2.2.2.2
160015.320:  network 2.2.2.2 0.0.0.0 area 0
160015.408:  network 10.0.23.0 0.0.0.3 area 0
160015.408: !
160015.408: ip forward-protocol nd
160015.408: !
160015.408: !
160015.540: no ip http server
160015.540: no ip http secure-server
160015.540: !
160015.540: ipv6 ioam timestamp
160015.541: !
160015.542: !
160015.542: !
160015.542: control-plane
160015.542: !
160015.676: banner exec ^C
160015.676: **************************************************************160015.677: ************
160015.808: * IOSv is strictly limited to use for evaluation, demonstratio160015.809: n and IOS  *
160015.943: * education. IOSv is provided as-is and is not supported by Ci160015.943: sco's      *
160015.943: * Technical Advisory Center. Any use or disclosure, in whole o160016.062: r in part, *
160016.063: * of the IOSv Software or Documentation to any third party for160016.064:  any       *
160016.202: * purposes is expressly prohibited except as otherwise authori160016.203: zed by     *
160016.308: * Cisco in writing.                                           160016.308:            *
160016.399: **************************************************************160016.399: ************^C
160016.526: banner incoming ^C
160016.526: **************************************************************160016.527: ************
160016.629: * IOSv is strictly limited to use for evaluation, demonstratio160016.630: n and IOS  *
160016.754: * education. IOSv is provided as-is and is not supported by Ci160016.755: sco's      *
160016.884: * Technical Advisory Center. Any use or disclosure, in whole o160016.885: r in part, *
160017.005: * of the IOSv Software or Documentation to any third party for160017.006:  any       *
160017.091: * purposes is expressly prohibited except as otherwise authori160017.092: zed by     *
160017.200: * Cisco in writing.                                           160017.201:            *
160017.279: **************************************************************160017.280: ************^C
160017.280: banner login ^C
160017.398: **************************************************************160017.399: ************
160017.516: * IOSv is strictly limited to use for evaluation, demonstratio160017.517: n and IOS  *
160017.707: * education. IOSv is provided as-is and is not supported by Ci160017.708: sco's      *
160017.710: * Technical Advisory Center. Any use or disclosure, in whole o160017.711: r in part, *
160017.823: * of the IOSv Software or Documentation to any third party for160017.823:  any       *
160017.920: * purposes is expressly prohibited except as otherwise authori160017.921: zed by     *
160018.027: * Cisco in writing.                                           160018.027:            *
160018.193: **************************************************************160018.194: ************^C
160018.194: !
160018.194: line con 0
160018.195:  exec-timeout 0 0
160018.195:  logging synchronous
160018.195: line aux 0
160018.320:  exec-timeout 0 0
160018.320: line vty 0 4
160018.320:  exec-timeout 0 0
160018.320:  logging synchronous
160018.320:  login
160018.321:  transport input none
160018.321: !
160018.430: no scheduler allocate
160018.430: !
160018.431: end
160018.431: 
160023.390: R2#conf t
160023.519: Enter configuration commands, one per line.  End with CNTL/Z.
160023.638: R2(config)#no banner exec
160023.639: R2(config)#no banner login
160023.639: R2(config)#no banner incoming
160023.710: R2(config)#no banner motd
160024.085: R2(config)#end
160024.085: R2#wr
160024.085: Building configuration...
160025.316: [OK]
160025.318: *May  7 08:00:20.249: %SYS-5-CONFIG_I: Configured from console160026.466:  by console
160026.466: R2#
160026.467: *May  7 08:00:21.801: %GRUB-5-CONFIG_WRITING: GRUB configurati160026.468: on is being updated on disk. Please wait...
160027.324: R2#
160027.326: *May  7 08:00:22.860: %GRUB-5-CONFIG_WRITTEN: GRUB configurati160027.411: on was written to disk successfully.
160028.523: R2#do wr
160028.523:       ^
160028.523: % Invalid input detected at '^' marker.
160028.523: 
160028.630: R2#wr
160028.630: Building configuration...
160031.381: [OK]
160032.375: R2#
160032.377: *May  7 08:00:27.036: %GRUB-5-CONFIG_WRITING: GRUB configurati160032.456: on is being updated on disk. Please wait...
160032.536: *May  7 08:00:27.832: %GRUB-5-CONFIG_WRITTEN: GRUB configurati160032.642: on was written to disk successfully.
160124.286: R2#show run
160124.286: Building configuration...
160126.085: 
160126.085: Current configuration : 1568 bytes
160126.085: !
160126.085: ! Last configuration change at 08:00:20 UTC Thu May 7 2026
160126.085: !
160126.085: version 15.9
160126.085: service timestamps debug datetime msec
160126.190: service timestamps log datetime msec
160126.190: no service password-encryption
160126.190: !
160126.292: hostname R2
160126.292: !
160126.292: boot-start-marker
160126.292: boot-end-marker
160126.292: !
160126.292: !
160126.292: !
160126.292: no aaa new-model
160126.292: !
160126.292: !
160126.292: !
160126.389: mmi polling-interval 60
160126.389: no mmi auto-configure
160126.390: no mmi pvc
160126.468: mmi snmp-timeout 180
160126.468: !
160126.469: !
160126.469: !
160126.469: !
160126.469: !
160126.469: !
160126.469: !
160126.469: !
160126.470: ip vrf FinDep
160126.472:  rd 100:1
160126.550:  route-target export 100:1
160126.551:  route-target import 100:1
160126.551: !
160126.551: !
160126.551: !
160126.551: !
160126.632: no ip domain lookup
160126.632: ip cef
160126.633: no ipv6 cef
160126.633: !
160126.723: multilink bundle-name authenticated
160126.723: !
160126.723: !
160126.723: !
160126.723: !
160126.723: !
160126.724: redundancy
160126.724: !
160126.724: !
160126.724: ! 
160126.829: !
160126.830: !
160126.832: !
160126.832: !
160126.832: !
160126.832: !
160126.832: !
160126.832: !
160126.832: !
160126.832: !
160126.832: !
160126.832: !
160126.832: interface Loopback0
160126.922:  ip address 2.2.2.2 255.255.255.255
160126.922: !
160126.922: interface GigabitEthernet0/0
160126.923:  ip vrf forwarding FinDep
160127.030:  ip address 10.10.12.2 255.255.255.252
160127.030:  duplex auto
160127.030:  speed auto
160127.030:  media-type rj45
160127.030: !
160127.111: interface GigabitEthernet0/1
160127.203:  ip address 10.0.23.1 255.255.255.252
160127.203:  duplex auto
160127.203:  speed auto
160127.203:  media-type rj45
160127.203: !
160127.294: interface GigabitEthernet0/2
160127.295:  no ip address
160127.295:  shutdown
160127.295:  duplex auto
160127.400:  speed auto
160127.400:  media-type rj45
160127.400: !
160127.401: interface GigabitEthernet0/3
160127.401:  no ip address
160127.488:  shutdown
160127.489:  duplex auto
160127.489:  speed auto
160127.490:  media-type rj45
160127.490: !
160127.588: router ospf 1 vrf FinDep
160127.588:  router-id 12.12.12.12
160127.588:  network 10.10.12.0 0.0.0.3 area 10
160127.718: !
160127.719: router ospf 2
160127.719:  router-id 2.2.2.2
160127.832:  network 2.2.2.2 0.0.0.0 area 0
160127.832:  network 10.0.23.0 0.0.0.3 area 0
160127.832: !
160127.832: ip forward-protocol nd
160127.832: !
160127.833: !
160127.833: no ip http server
160127.835: no ip http secure-server
160127.835: !
160127.926: ipv6 ioam timestamp
160127.926: !
160127.926: !
160127.926: !
160127.926: control-plane
160127.927: !
160127.927: !
160127.927: line con 0
160128.049:  exec-timeout 0 0
160128.049:  logging synchronous
160128.050: line aux 0
160128.050:  exec-timeout 0 0
160128.050: line vty 0 4
160128.158:  exec-timeout 0 0
160128.159:  logging synchronous
160128.159:  login
160128.159:  transport input none
160128.160: !
160128.160: no scheduler allocate
160128.160: !
160128.160: end
160128.160: 
160128.287: R2# 
160128.287: R2# 
160128.287: R2# 
160128.287: R2# 
160128.287: R2# 
160128.287: R2# 
160128.287: R2# 
160128.287: R2#do show run
160128.287:       ^
160128.367: % Invalid input detected at '^' marker.
160128.367: 
160128.367: R2# 
160128.367: R2# 
160128.367: R2# 
160351.744: R2#show run
160351.923: Building configuration...
160353.721: 
160353.721: Current configuration : 1568 bytes
160353.721: !
160353.722: ! Last configuration change at 08:00:20 UTC Thu May 7 2026
160353.722: !
160353.722: version 15.9
160353.723: service timestamps debug datetime msec
160353.810: service timestamps log datetime msec
160353.811: no service password-encryption
160353.811: !
160353.811: hostname R2
160353.811: !
160353.898: boot-start-marker
160353.899: boot-end-marker
160353.899: !
160353.899: !
160353.899: !
160353.900: no aaa new-model
160353.900: !
160353.900: !
160353.900: !
160353.996: mmi polling-interval 60
160353.997: no mmi auto-configure
160353.997: no mmi pvc
160354.085: mmi snmp-timeout 180
160354.089: !
160354.089: !
160354.089: !
160354.089: !
160354.089: !
160354.090: !
160354.090: !
160354.090: !
160354.090: ip vrf FinDep
160354.090:  rd 100:1
160354.178:  route-target export 100:1
160354.179:  route-target import 100:1
160354.179: !
160354.179: !
160354.179: !
160354.179: !
160354.311: no ip domain lookup
160354.311: ip cef
160354.311: no ipv6 cef
160354.311: !
160354.311: multilink bundle-name authenticated
160354.311: !
160354.311: !
160354.311: !
160354.311: !
160354.311: !
160354.311: redundancy
160354.311: !
160354.311: !
160354.311: ! 
160354.407: !
160354.407: !
160354.408: !
160354.408: !
160354.408: !
160354.408: !
160354.408: !
160354.408: !
160354.408: !
160354.408: !
160354.408: !
160354.409: !
160354.409: interface Loopback0
160354.583:  ip address 2.2.2.2 255.255.255.255
160354.583: !
160354.583: interface GigabitEthernet0/0
160354.702:  ip vrf forwarding FinDep
160354.703:  ip address 10.10.12.2 255.255.255.252
160354.703:  duplex auto
160354.703:  speed auto
160354.704:  media-type rj45
160354.704: !
160354.704: interface GigabitEthernet0/1
160354.803:  ip address 10.0.23.1 255.255.255.252
160354.803:  duplex auto
160354.804:  speed auto
160354.804:  media-type rj45
160354.804: !
160354.895: interface GigabitEthernet0/2
160354.895:  no ip address
160354.895:  shutdown
160354.896:  duplex auto
160354.972:  speed auto
160354.972:  media-type rj45
160354.972: !
160354.972: interface GigabitEthernet0/3
160355.062:  no ip address
160355.062:  shutdown
160355.062:  duplex auto
160355.062:  speed auto
160355.182:  media-type rj45
160355.182: !
160355.182: router ospf 1 vrf FinDep
160355.182:  router-id 12.12.12.12
160355.182:  network 10.10.12.0 0.0.0.3 area 10
160355.273: !
160355.273: router ospf 2
160355.273:  router-id 2.2.2.2
160355.274:  network 2.2.2.2 0.0.0.0 area 0
160355.352:  network 10.0.23.0 0.0.0.3 area 0
160355.352: !
160355.423: ip forward-protocol nd
160355.423: !
160355.423: !
160355.423: no ip http server
160355.424: no ip http secure-server
160355.424: !
160355.509: ipv6 ioam timestamp
160355.509: !
160355.509: !
160355.509: !
160355.509: control-plane
160355.509: !
160355.509: !
160355.509: line con 0
160355.594:  exec-timeout 0 0
160355.595:  logging synchronous
160355.595: line aux 0
160355.693:  exec-timeout 0 0
160355.693: line vty 0 4
160355.693:  exec-timeout 0 0
160355.694:  logging synchronous
160355.694:  login
160355.780:  transport input none
160355.780: !
160355.780: no scheduler allocate
160355.781: !
160355.781: end
160355.781: 
160355.781: R2# 
160355.781: R2# 
160355.781: R2# 
160355.917: R2# 
160355.917: R2# 
160355.917: R2# 
160355.917: R2# 
160355.918: R2#do show run
160355.918:       ^
160356.036: % Invalid input detected at '^' marker.
160356.036: 
160356.036: R2# 
160356.036: R2# 
160356.036: R2# 
160956.835: R2#conf t
160956.939: Enter configuration commands, one per line.  End with CNTL/Z.
160957.216: R2(config)#no banner exec
160957.216: R2(config)#no banner login
160957.216: R2(config)#no banner incoming
160957.216: R2(config)#no banner motd
160957.216: R2(config)#no mmi polling-interval
160957.329: R2(config)#no mmi auto-configure
160957.330: R2(config)#no mmi pvc
160957.414: R2(config)#no mmi snmp-timeout
160957.495: R2(config)#no multilink bundle-name authenticated
160957.495: R2(config)#no ipv6 ioam timestamp
160957.571: R2(config)#no scheduler allocate
160957.694: R2(config)#no ip http server
160957.695: R2(config)#no ip http secure-server
160957.779: R2(config)#no ip domain lookup
160957.779: R2(config)#end
160957.779: R2#wr
160957.850: Building configuration...
160958.704: 
160958.711: *May  7 08:09:54.067: %SYS-5-CONFIG_I: Configured from console161000.459:  by console[OK]
161001.520: R2#
161001.524: *May  7 08:09:56.424: %GRUB-5-CONFIG_WRITING: GRUB configurati161001.616: on is being updated on disk. Please wait...
161001.617: *May  7 08:09:57.219: %GRUB-5-CONFIG_WRITTEN: GRUB configurati161001.807: on was written to disk successfully.
