093841.543: 
093842.644: R2#terminal length 0
093843.567: R2#terminal monitor
093843.567: % Console already monitors
093916.076: R2#
093916.077: R2#
093916.077: R2#
093916.077: R2#
093916.208: R2#
093916.208: R2#
093916.295: R2#
093916.296: R2#
093916.296: R2#
093918.391: R2#en
093918.909: R2#
093919.551: R2#
093919.551: R2#
093919.819: R2#
093919.819: R2#
093920.096: R2#
093924.794: R2#show run
093924.794: Building configuration...
093927.145: 
093927.145: Current configuration : 1548 bytes
093927.145: !
093927.145: ! Last configuration change at 18:04:06 UTC Thu May 7 2026
093927.145: !
093927.145: version 15.9
093927.145: service timestamps debug datetime msec
093927.145: service timestamps log datetime msec
093927.145: no service password-encryption
093927.145: !
093927.145: hostname R2
093927.145: !
093927.147: boot-start-marker
093927.147: boot-end-marker
093927.147: !
093927.147: !
093927.147: !
093927.147: no aaa new-model
093927.147: !
093927.147: !
093927.147: !
093927.147: mmi polling-interval 60
093927.148: no mmi auto-configure
093927.148: no mmi pvc
093927.148: mmi snmp-timeout 180
093927.148: !
093927.148: !
093927.149: !
093927.149: !
093927.149: !
093927.149: !
093927.149: !
093927.149: !
093927.222: ip vrf FinDep
093927.222:  rd 100:1
093927.223:  route-target export 100:1
093927.368:  route-target import 100:1
093927.368: !
093927.368: !
093927.369: !
093927.369: !
093927.369: no ip domain lookup
093927.614: ip cef
093927.614: no ipv6 cef
093927.614: !
093927.615: multilink bundle-name authenticated
093927.615: !
093927.615: !
093927.615: !
093927.616: !
093927.616: !
093927.616: redundancy
093927.616: !
093927.616: !
093927.616: ! 
093927.616: !
093927.616: !
093927.617: !
093927.617: !
093927.617: !
093927.617: !
093928.099: !
093928.099: !
093928.099: !
093928.099: !
093928.099: !
093928.101: !
093928.101: interface Loopback0
093928.101:  ip address 2.2.2.2 255.255.255.255
093928.101: !
093928.102: interface GigabitEthernet0/0
093928.102:  ip vrf forwarding FinDep
093928.102:  ip address 10.10.12.2 255.255.255.252
093928.102:  duplex auto
093928.102:  speed auto
093928.102:  media-type rj45
093928.103: !
093928.103: interface GigabitEthernet0/1
093928.568:  ip address 10.0.23.1 255.255.255.252
093928.568:  duplex auto
093928.568:  speed auto
093928.568:  media-type rj45
093928.568: !
093928.568: interface GigabitEthernet0/2
093928.568:  no ip address
093928.568:  shutdown
093928.569:  duplex auto
093928.569:  speed auto
093928.569:  media-type rj45
093928.569: !
093928.569: interface GigabitEthernet0/3
093928.569:  no ip address
093928.569:  shutdown
093928.569:  duplex auto
093928.570:  speed auto
093928.570:  media-type rj45
093928.570: !
093929.073: router ospf 1 vrf FinDep
093929.073:  router-id 12.12.12.12
093929.073:  network 10.10.12.0 0.0.0.3 area 10
093929.073: !
093929.073: router ospf 2
093929.074:  router-id 2.2.2.2
093929.074:  network 2.2.2.2 0.0.0.0 area 0
093929.074:  network 10.0.23.0 0.0.0.3 area 0
093929.074: !
093929.075: ip forward-protocol nd
093929.075: !
093929.075: !
093929.075: no ip http server
093929.075: no ip http secure-server
093929.075: !
093929.075: !
093929.075: !
093929.076: !
093929.076: control-plane
093929.076: !
093929.076: !
093929.076: line con 0
093929.076:  exec-timeout 0 0
093929.228:  logging synchronous
093929.228: line aux 0
093929.229:  exec-timeout 0 0
093929.229: line vty 0 4
093929.229:  exec-timeout 0 0
093929.229:  logging synchronous
093929.231:  login
093929.232:  transport input none
093929.232: !
093929.232: no scheduler allocate
093929.232: !
093929.232: end
093929.232: 
093942.148: R2#conf t
093942.149: Enter configuration commands, one per line.  End with CNTL093942.151: /Z.
093942.313: R2(config)#no banner exec
093942.314: R2(config)#no banner login
093942.314: R2(config)#no banner incoming
093942.533: R2(config)#no banner motd
093942.533: R2(config)#no mmi polling-interval
093942.534: R2(config)#no mmi auto-configure
093942.534: R2(config)#no mmi pvc
093942.535: R2(config)#no mmi snmp-timeout
093942.761: R2(config)#no multilink bundle-name authenticated
093942.761: R2(config)#no ipv6 ioam timestamp
093942.761: R2(config)#no scheduler allocate
093942.762: R2(config)#no ip http server
093942.762: R2(config)#no ip http secure-server
093942.763: R2(config)#no ip domain lookup
093942.815: R2(config)#end
093942.815: R2#wr
093942.816: Building configuration...
093944.513: 
093944.514: *May  8 01:39:45.701: %SYS-5-CONFIG_I: Configured from con093946.244: sole by console[OK]
093946.244: R2#
093946.245: *May  8 01:39:48.068: %GRUB-5-CONFIG_WRITING: GRUB configu093946.246: ration is being updated on disk. Please wait...
093946.247: *May  8 01:39:48.864: %GRUB-5-CONFIG_WRITTEN: GRUB configu093946.248: ration was written to disk successfully.
093948.421: R2#
093948.479: R2#
093948.580: R2#
093948.950: R2#
093948.950: R2#
093949.589: R2#
093949.589: R2#
093949.700: R2#
093949.701: R2#
093953.095: R2#show run
093953.095: Building configuration...
093955.044: 
093955.044: Current configuration : 1548 bytes
093955.044: !
093955.044: ! Last configuration change at 01:39:45 UTC Fri May 8 2026
093955.044: !
093955.044: version 15.9
093955.045: service timestamps debug datetime msec
093955.045: service timestamps log datetime msec
093955.046: no service password-encryption
093955.046: !
093955.046: hostname R2
093955.047: !
093955.047: boot-start-marker
093955.047: boot-end-marker
093955.047: !
093955.048: !
093955.048: !
093955.048: no aaa new-model
093955.048: !
093955.049: !
093955.049: !
093955.049: mmi polling-interval 60
093955.049: no mmi auto-configure
093955.112: no mmi pvc
093955.112: mmi snmp-timeout 180
093955.112: !
093955.112: !
093955.112: !
093955.112: !
093955.112: !
093955.226: !
093955.227: !
093955.227: !
093955.227: ip vrf FinDep
093955.227:  rd 100:1
093955.502:  route-target export 100:1
093955.503:  route-target import 100:1
093955.503: !
093955.503: !
093955.503: !
093955.503: !
093955.503: no ip domain lookup
093955.503: ip cef
093955.504: no ipv6 cef
093955.504: !
093955.756: multilink bundle-name authenticated
093955.756: !
093955.756: !
093955.756: !
093955.756: !
093955.756: !
093955.756: redundancy
093955.756: !
093955.756: !
093955.757: ! 
093955.757: !
093955.757: !
093955.757: !
093955.757: !
093955.757: !
093955.757: !
093955.757: !
093955.758: !
093955.758: !
093955.760: !
093955.760: !
093955.760: !
093955.760: interface Loopback0
093955.760:  ip address 2.2.2.2 255.255.255.255
093955.762: !
093956.060: interface GigabitEthernet0/0
093956.060:  ip vrf forwarding FinDep
093956.061:  ip address 10.10.12.2 255.255.255.252
093956.061:  duplex auto
093956.061:  speed auto
093956.061:  media-type rj45
093956.061: !
093956.062: interface GigabitEthernet0/1
093956.062:  ip address 10.0.23.1 255.255.255.252
093956.253:  duplex auto
093956.253:  speed auto
093956.254:  media-type rj45
093956.254: !
093956.254: interface GigabitEthernet0/2
093956.254:  no ip address
093956.254:  shutdown
093956.255:  duplex auto
093956.255:  speed auto
093956.255:  media-type rj45
093956.255: !
093956.255: interface GigabitEthernet0/3
093956.255:  no ip address
093956.255:  shutdown
093956.255:  duplex auto
093956.255:  speed auto
093956.256:  media-type rj45
093956.256: !
093956.710: router ospf 1 vrf FinDep
093956.710:  router-id 12.12.12.12
093956.710:  network 10.10.12.0 0.0.0.3 area 10
093956.710: !
093956.710: router ospf 2
093956.710:  router-id 2.2.2.2
093956.710:  network 2.2.2.2 0.0.0.0 area 0
093956.710:  network 10.0.23.0 0.0.0.3 area 0
093956.711: !
093956.711: ip forward-protocol nd
093956.711: !
093956.711: !
093956.712: no ip http server
093956.712: no ip http secure-server
093956.712: !
093956.712: !
093956.712: !
093956.713: !
093956.713: control-plane
093956.713: !
093956.713: !
093956.714: line con 0
093956.714:  exec-timeout 0 0
093956.714:  logging synchronous
093956.714: line aux 0
093956.714:  exec-timeout 0 0
093956.717: line vty 0 4
093956.843:  exec-timeout 0 0
093956.843:  logging synchronous
093956.844:  login
093957.367:  transport input none
093957.370: !
093957.371: no scheduler allocate
093957.371: !
093957.371: end
093957.371: 
094201.948: R2#conf ter
094201.949: Enter configuration commands, one per line.  End with CNTL094202.011: /Z.
094208.890: R2(config)#router osp
094225.414: R2(config)#router ospf 1 vrf Fin
094227.799: R2(config)#router ospf 1 vrf FinDep
094228.259: R2(config)#router ospf 1 vrf FinDep
094255.584: R2(config-router)#redis
094316.409: R2(config-router)#redistribute ospf 2  sub
094317.742: R2(config-router)#redistribute ospf 2  subnets ?
094317.789:   match        Redistribution of OSPF routes
094317.839:   metric       Metric for redistributed routes
094317.897:   metric-type  OSPF/IS-IS exterior metric type for redistr094317.898: ibuted routes
094317.991:   nssa-only    Limit redistributed routes to NSSA areas
094318.046:   route-map    Route map reference
094318.149:   tag          Set tag for routes redistributed into OSPF
094318.150:   <cr>         <cr>
094318.150: 
094320.123: R2(config-router)#redistribute ospf 2  subnets 
094320.124: %VRF specified does not match this router
094412.059: R2(config-router)#exit
094415.930: R2(config)#ip acc
094417.951: R2(config)#ip acc
094419.597: R2(config)#ip access
094425.897: R2(config)#ip access-list stan
094439.532: R2(config)#ip access-list standard FROM-FINDEP
094504.407: R2(config-std-nacl)#permit 1.1.1.1 
094508.713: R2(config-std-nacl)#deny any
094531.262: R2(config-std-nacl)#route-map TO-GLOBAL per
094535.664: R2(config-std-nacl)#route-map TO-GLOBAL permit 10
094540.170: R2(config-route-map)#match
094552.463: R2(config-route-map)#match ip address FROM
094557.418: R2(config-route-map)#match ip address FROM-FINDEF
094602.447: R2(config-route-map)#match ip address FROM-FINDEP
094608.093: R2(config-route-map)#no match ip address FROM-FINDEF
094631.244: R2(config-route-map)#router ospf 2 
094635.376: R2(config-router)#redi
094640.055: R2(config-router)#redistribute osp
094710.359: R2(config-router)#redistribute ospf 1 vrf FinDep subnets r094712.775: outemap
094712.776: R2(config-router)#redistribute ospf 1 vrf FinDep subnets r094713.977: oute   
094714.026: R2(config-router)#redistribute ospf 1 vrf FinDep subnets r094723.007: oute-map TO-GLOBAL
094723.008: %VRF specified does not match this router
094746.556: R2(config-router)#do show run | sec vrf
094746.604: ip vrf FinDep
094746.669:  rd 100:1
094746.728:  route-target export 100:1
094746.728:  route-target import 100:1
094746.729:  ip vrf forwarding FinDep
094746.779: router ospf 1 vrf FinDep
094746.838:  router-id 12.12.12.12
094746.886:  network 10.10.12.0 0.0.0.3 area 10
095115.994: R2(config-router)#int g0/0
095122.477: R2(config-if)#no ip vrf
095122.532: % Incomplete command.
095122.532: 
095129.417: R2(config-if)#no ip vrf forw
095139.501: R2(config-if)#no ip vrf forwarding FinDep
095139.551: % Interface GigabitEthernet0/0 IPv4 disabled and address(e095139.609: s) removed due to enabling VRF FinDep
095141.095: R2(config-if)#
095141.143: *May  8 01:51:42.846: %OSPF-5-ADJCHG: Process 1, Nbr 1.1.1095141.203: .1 on GigabitEthernet0/0 from FULL to DOWN, Neighbor Down:095141.253:  Interface down or detached
095142.371: R2(config-if)#
095149.573: R2(config-if)#no ip add
095211.919: R2(config-if)#no router  ospf 1
095233.481: R2(config)#no ip vrf FinDef
095244.730: R2(config)#vrf ndef
095247.448: R2(config)#vrf def 
095254.465: R2(config)#vrf definition FinDep
095254.465: % Use 'ip vrf FinDep' command
095320.904: R2(config)#ip vrf FinDef        
095329.326: R2(config-vrf)#rd 100:1
095329.327: % RD 100:1 already in use by VRF FinDep
095344.905: R2(config-vrf)#address-fe
095345.809: R2(config-vrf)#address-f 
095346.946: R2(config-vrf)#address- 
095347.686: R2(config-vrf)#address 
095348.991: R2(config-vrf)#address?
095348.991: % Unrecognized command
095356.017: R2(config-vrf)#?      
095356.077: VPN Routing/Forwarding instance configuration commands:
095356.132:   bgp              Commands pertaining to BGP
095356.189:   default          Set a command to its defaults
095356.235:   description      VRF specific description
095356.327:   exit             Exit from VRF configuration mode
095356.328:   export           VRF export
095356.421:   help             Description of the interactive help sys095356.424: tem
095356.468:   import           VRF import
095356.518:   inter-as-hybrid  Inter AS hybrid mode
095356.611:   maximum          Set a limit to a routing table
095356.703:   mdt              Backbone Multicast Distribution Tree
095356.749:   no               Negate a command or set its defaults
095356.796:   protection       Configure local repair
095356.891:   rd               Specify Route Distinguisher
095356.944:   route-replicate  Replicate (import) routes from another 095356.991: topology (and another
095356.992:                    VRF)
095357.096:   route-target     Specify Target VPN Extended Communities
095357.144:   snmp             Modify snmp parameters
095357.236:   vpn              Configure VPN ID as specified in rfc268095357.238: 5
095357.238: 
095637.657: R2(config-vrf)#no ip vrf FinDep
095637.720: % IPv4 addresses from all interfaces in VRF FinDep have be095637.721: en removed
095659.883: R2(config)#interface gi0/0
095708.223: R2(config-if)#ip vrf gor
095711.253: R2(config-if)#ip vrf for 
095716.274: R2(config-if)#ip vrf forwarding FinDep
095716.274: % VRF FinDep not configured
095730.346: R2(config-if)#do show run
095730.346: Building configuration...
095732.094: 
095732.095: Current configuration : 1476 bytes
095732.095: !
095732.190: ! Last configuration change at 01:39:45 UTC Fri May 8 2026
095732.191: !
095732.237: version 15.9
095732.284: service timestamps debug datetime msec
095732.334: service timestamps log datetime msec
095732.379: no service password-encryption
095732.380: !
095732.380: hostname R2
095732.381: !
095732.428: boot-start-marker
095732.429: boot-end-marker
095732.429: !
095732.493: !
095732.493: !
095732.493: no aaa new-model
095732.494: !
095732.494: !
095732.494: !
095732.551: mmi polling-interval 60
095732.551: no mmi auto-configure
095732.551: no mmi pvc
095732.601: mmi snmp-timeout 180
095732.601: !
095732.601: !
095732.602: !
095732.602: !
095732.602: !
095732.603: !
095732.603: !
095732.603: !
095732.679: ip vrf FinDef
095732.679: !
095732.679: !
095732.679: !
095732.679: !
095732.680: no ip domain lookup
095732.680: ip cef
095732.742: no ipv6 cef
095732.742: !
095732.802: multilink bundle-name authenticated
095732.803: !
095732.803: !
095732.803: !
095732.803: !
095732.803: !
095732.803: redundancy
095732.804: !
095732.804: !
095732.804: ! 
095732.804: !
095732.849: !
095732.849: !
095732.849: !
095732.851: !
095732.851: !
095732.851: !
095732.851: !
095732.851: !
095732.851: !
095732.852: !
095732.852: !
095732.896: interface Loopback0
095732.946:  ip address 2.2.2.2 255.255.255.255
095732.946: !
095733.005: interface GigabitEthernet0/0
095733.005:  no ip address
095733.005:  duplex auto
095733.054:  speed auto
095733.055:  media-type rj45
095733.055: !
095733.101: interface GigabitEthernet0/1
095733.148:  ip address 10.0.23.1 255.255.255.252
095733.148:  duplex auto
095733.197:  speed auto
095733.197:  media-type rj45
095733.197: !
095733.243: interface GigabitEthernet0/2
095733.290:  no ip address
095733.290:  shutdown
095733.337:  duplex auto
095733.338:  speed auto
095733.338:  media-type rj45
095733.338: !
095733.400: interface GigabitEthernet0/3
095733.400:  no ip address
095733.460:  shutdown
095733.460:  duplex auto
095733.460:  speed auto
095733.506:  media-type rj45
095733.506: !
095733.507: router ospf 2
095733.585:  router-id 2.2.2.2
095733.658:  network 2.2.2.2 0.0.0.0 area 0
095733.659:  network 10.0.23.0 0.0.0.3 area 0
095733.659: !
095733.760: ip forward-protocol nd
095733.760: !
095733.760: !
095733.761: no ip http server
095733.829: no ip http secure-server
095733.829: !
095733.830: ip access-list standard FROM-FINDEP
095733.830:  permit 1.1.1.1
095733.830:  deny   any
095733.830: !
095733.881: !
095733.881: route-map TO-GLOBAL permit 10
095733.930:  match ip address FROM-FINDEP
095733.930: !
095733.931: !
095733.931: !
095733.932: control-plane
095733.932: !
095733.933: !
095733.978: line con 0
095733.978:  exec-timeout 0 0
095734.023:  logging synchronous
095734.023: line aux 0
095734.069:  exec-timeout 0 0
095734.069: line vty 0 4
095734.117:  exec-timeout 0 0
095734.167:  logging synchronous
095734.168:  login
095734.168:  transport input none
095734.168: !
095734.223: no scheduler allocate
095734.223: !
095734.223: end
095734.223: 
095845.910: R2(config-if)#no ip vrf FinDep
095845.911:                          ^
095845.911: % Invalid input detected at '^' marker.
095845.911: 
095853.589: R2(config-if)#exit
095856.825: R2(config)#no ip vrf FinDep
095914.245: R2(config)#ip vrf FinDep
095922.835: R2(config-vrf)#rd 100:1
095928.430: R2(config-vrf)#router-ta
095930.440: R2(config-vrf)#route    
095932.713: R2(config-vrf)#route-ta
095936.743: R2(config-vrf)#route-target exp
095941.169: R2(config-vrf)#route-target export 100:1
095949.791: R2(config-vrf)#route-target import 100:1 
095956.073: R2(config-vrf)#int g0/0
100004.625: R2(config-if)#ip vrf forward
100008.085: R2(config-if)#ip vrf forwarding Fin
100015.160: R2(config-if)#ip vrf forwarding FinDe?
100015.160: FinDef  FinDep  WORD  
100015.160: 
100024.157: R2(config-if)#ip vrf forwarding FinDep
100054.401: R2(config-if)#ip address 10.10.12.2 255.255.255.252
100057.491: R2(config-if)#noshut
100057.492:                 ^
100057.539: % Invalid input detected at '^' marker.
100057.539: 
100102.499: R2(config-if)#no shu
100115.064: R2(config-if)#no ip vrf FinDef
100115.064:                          ^
100115.113: % Invalid input detected at '^' marker.
100115.113: 
100118.836: R2(config-if)#exit
100120.131: R2(config)#no ip vrf FinDef
100120.182: % IPv4 addresses from all interfaces in VRF FinDef have be100120.183: en removed
100123.662: R2(config)#no ip vrf FinDef
100124.994: R2(config)#no ip vrf FinDef
100135.410: R2(config)#router osp
100141.689: R2(config)#router ospf 1 vrf`
100142.444: R2(config)#router ospf 1 vrf 
100148.402: R2(config)#router ospf 1 vrf FinDep
100153.868: R2(config-router)#router
100158.042: R2(config-router)#router-id 12.12.12.12
100202.355: R2(config-router)#network
100225.131: R2(config-router)#network 10.10.12.0 0.0.0.3 area 10 
100231.190: R2(config-router)#defa
100231.246: R2(config-router)#default
100231.296: *May  8 02:02:33.323: %OSPF-5-ADJCHG: Process 1, Nbr 1.1.1100231.387: .1 on GigabitEthernet0/0 from LOADING to FULL, Loading Don100231.388: e
100235.954: R2(config-router)#default-i
100239.493: R2(config-router)#default-information ori
100242.662: R2(config-router)#default-information originate alw
100243.218: R2(config-router)#default-information originate always 
100248.093: R2(config-router)#exit
100318.402: R2(config)#ip route 1.1.1.1 255.255.255.255 gi0/0 10.10.12100319.163: .1
100325.503: R2(config)#ip route
100327.742: R2(config)#ip route Fin
100341.723: R2(config)#ip route FinDep 0.0.0.0 0.0.0.0 gi
100421.401: R2(configip route FinDep 0.0.0.0 0.0.0.0 gi0/1 10.0.23.2 g100421.958: lo
100421.959: R2(config)#ip route FinDep 0.0.0.0 0.0.0.0 gi0/1 10.0.23.2100423.943:  glob
100423.944: R2(config)#ip route FinDep 0.0.0.0 0.0.0.0 gi0/1 10.0.23.2100425.679:  global
100425.680: R2(config)#ip route FinDep 0.0.0.0 0.0.0.0 gi0/1 10.0.23.2100426.163:  global
100426.164:                     ^
100426.222: % Invalid input detected at '^' marker.
100426.222: 
100427.231: R2(config)#ip route FinDep 0.0.0.0 0.0.0.0 gi0/1 10.0.23.2100436.486: R2(config)#ip route  FinDep 0.0.0.0 0.0.0.0 gi0/1 10.0.23.100436.915: R2(config)#ip route v FinDep 0.0.0.0 0.0.0.0 gi0/1 10.0.23100437.351: R2(config)#ip route vr FinDep 0.0.0.0 0.0.0.0 gi0/1 10.0.2100437.468: R2(config)#ip route vrf FinDep 0.0.0.0 0.0.0.0 gi0/1 10.0.100438.071: R2(config)#ip route vrf FinDep 0.0.0.0 0.0.0.0 gi0/1 10.0.100449.605: R2(config)#router os
100452.197: R2(config)#router ospf 2
100453.422: R2(config-router)#re
100456.384: R2(config-router)#redistribute st
100459.265: R2(config-router)#redistribute static su
100502.426: R2(config-router)#redistribute static subnets rou
100515.017: R2(config-router)#redistribute static subnets route-map -G100516.563: LOBAL
100516.564: R2(config-router)#redistribute static subnets route-map TO100517.115: -GLOBAL
100544.325: R2(config-router)#show ip ospf neighbor
100544.325:                     ^
100544.373: % Invalid input detected at '^' marker.
100544.373: 
100550.317: R2(config-router)#exit
100611.672: R2(config)#do sho ip vrf inter
100611.717: Interface              IP-Address      VRF                100611.767:               Protocol
100611.816: Gi0/0                  10.10.12.2      FinDep             100611.858:               up      
100626.340: R2(config)#do show ip osp
100633.356: R2(config)#do show ip ospf 1 neigh
100633.356: 
100633.423: Neighbor ID     Pri   State           Dead Time   Address 100633.424:         Interface
100633.478: 1.1.1.1           1   FULL/DR         00:00:32    10.10.12100633.543: .1      GigabitEthernet0/0
100722.196: R2(config)#do show ip route vrf FinDef
100722.197: % IP routing table vrf FinDef does not exist
100728.106: R2(config)#do show ip route vrf FinDep
100728.106: 
100728.107: Routing Table: FinDep
100728.165: Codes: L - local, C - connected, S - static, R - RIP, M - 100728.253: mobile, B - BGP
100728.255:        D - EIGRP, EX - EIGRP external, O - OSPF, IA - OSPF100728.255:  inter area 
100728.347:        N1 - OSPF NSSA external type 1, N2 - OSPF NSSA exte100728.393: rnal type 2
100728.440:        E1 - OSPF external type 1, E2 - OSPF external type 100728.488: 2
100728.540:        i - IS-IS, su - IS-IS summary, L1 - IS-IS level-1, 100728.540: L2 - IS-IS level-2
100728.660:        ia - IS-IS inter area, * - candidate default, U - p100728.661: er-user static route
100728.771:        o - ODR, P - periodic downloaded static route, H - 100728.773: NHRP, l - LISP
100728.820:        a - application route
100728.866:        + - replicated route, % - next hop override, p - ov100728.922: errides from PfR
100728.922: 
100728.991: Gateway of last resort is 10.0.23.2 to network 0.0.0.0
100728.991: 
100729.038: S*    0.0.0.0/0 [1/0] via 10.0.23.2, GigabitEthernet0/1
100729.134:       1.0.0.0/32 is subnetted, 1 subnets
100729.183: O        1.1.1.1 [110/2] via 10.10.12.1, 00:04:53, Gigabit100729.183: Ethernet0/0
100729.301:       10.0.0.0/8 is variably subnetted, 2 subnets, 2 masks
100729.356: C        10.10.12.0/30 is directly connected, GigabitEther100729.357: net0/0
100729.478: L        10.10.12.2/32 is directly connected, GigabitEther100729.478: net0/0
100820.299: R2(config)#do show ip route 1.1.1.1
100820.300: Routing entry for 1.1.1.1/32
100820.351:   Known via "static", distance 1, metric 0
100820.410:   Redistributing via ospf 2
100820.473:   Advertised by ospf 2 subnets route-map TO-GLOBAL
100820.474:   Routing Descriptor Blocks:
100820.533:   * 10.10.12.1, via GigabitEthernet0/0
100820.596:       Route metric is 0, traffic share count is 1
101424.708: R2(config)#
101424.708: R2(config)#
101424.708: R2(config)#
101424.768: R2(config)#end
101424.976: R2#terminal length 0
101425.081: R2#more system:running-config
101426.372: 
101426.500: *May  8 02:14:28.404: %SYS-5-CONFIG_I: Configured from con101427.498: sole by console
101427.498: !
101427.583: ! Last configuration change at 02:14:28 UTC Fri May 8 2026
101427.584: !
101427.587: version 15.9
101427.641: service timestamps debug datetime msec
101427.683: service timestamps log datetime msec
101427.719: no service password-encryption
101427.754: !
101427.754: hostname R2
101427.760: !
101427.792: boot-start-marker
101427.797: boot-end-marker
101427.797: !
101427.797: !
101427.797: !
101427.840: no aaa new-model
101427.841: !
101427.841: !
101427.841: !
101427.880: mmi polling-interval 60
101427.919: no mmi auto-configure
101427.922: no mmi pvc
101427.962: mmi snmp-timeout 180
101427.962: !
101427.970: !
101427.970: !
101427.972: !
101427.972: !
101427.972: !
101428.023: !
101428.023: !
101428.053: ip vrf FinDep
101428.054:  rd 100:1
101428.083:  route-target export 100:1
101428.119:  route-target import 100:1
101428.119: !
101428.120: !
101428.120: !
101428.140: !
101428.150: no ip domain lookup
101428.151: ip cef
101428.155: no ipv6 cef
101428.155: !
101428.233: multilink bundle-name authenticated
101428.233: !
101428.233: !
101428.233: !
101428.234: !
101428.239: !
101428.239: redundancy
101428.276: !
101428.276: !
101428.276: ! 
101428.276: !
101428.276: !
101428.285: !
101428.285: !
101428.286: !
101428.286: !
101428.286: !
101428.319: !
101428.320: !
101428.320: !
101428.320: !
101428.320: !
101428.361: interface Loopback0
101428.405:  ip address 2.2.2.2 255.255.255.255
101428.405: !
101428.444: interface GigabitEthernet0/0
101428.488:  ip vrf forwarding FinDep
101428.530:  ip address 10.10.12.2 255.255.255.252
101428.534:  duplex auto
101428.570:  speed auto
101428.576:  media-type rj45
101428.576: !
101428.624: interface GigabitEthernet0/1
101428.697:  ip address 10.0.23.1 255.255.255.252
101428.697:  duplex auto
101428.703:  speed auto
101428.744:  media-type rj45
101428.744: !
101428.784: interface GigabitEthernet0/2
101428.790:  no ip address
101428.825:  shutdown
101428.829:  duplex auto
101428.868:  speed auto
101428.871:  media-type rj45
101428.871: !
101428.915: interface GigabitEthernet0/3
101428.950:  no ip address
101428.955:  shutdown
101428.993:  duplex auto
101428.993:  speed auto
101429.007:  media-type rj45
101429.035: !
101429.039: router ospf 1 vrf FinDep
101429.080:  router-id 12.12.12.12
101429.129:  network 10.10.12.0 0.0.0.3 area 10
101429.203:  default-information originate always
101429.204: !
101429.211: router ospf 2
101429.246:  router-id 2.2.2.2
101429.291:  redistribute static subnets route-map TO-GLOBAL
101429.341:  network 2.2.2.2 0.0.0.0 area 0
101429.385:  network 10.0.23.0 0.0.0.3 area 0
101429.385: !
101429.420: ip forward-protocol nd
101429.420: !
101429.420: !
101429.456: no ip http server
101429.503: no ip http secure-server
101429.585: ip route 1.1.1.1 255.255.255.255 GigabitEthernet0/0 10.10.101429.586: 12.1
101429.667: ip route vrf FinDep 0.0.0.0 0.0.0.0 GigabitEthernet0/1 10.101429.673: 0.23.2 global
101429.673: !
101429.726: ip access-list standard FROM-FINDEP
101429.759:  permit 1.1.1.1
101429.764:  deny   any
101429.764: !
101429.764: !
101429.798: route-map TO-GLOBAL permit 10
101429.842:  match ip address FROM-FINDEP
101429.878: !
101429.878: !
101429.878: !
101429.883: control-plane
101429.884: !
101429.884: !
101429.920: line con 0
101429.926:  exec-timeout 0 0
101429.962:  logging synchronous
101429.965: line aux 0
101430.005:  exec-timeout 0 0
101430.008: line vty 0 4
101430.046:  exec-timeout 0 0
101430.088:  logging synchronous
101430.088:  login
101430.129:  transport input none
101430.130: !
101430.190: no scheduler allocate
101430.190: !
101430.190: end
101430.190: 
101430.308: R2#quit
101430.308: 
101430.308: 
101430.308: 
101430.308: 
101430.308: 
101430.308: 
101430.308: 
101430.308: 
101430.308: 
101430.308: 
101430.308: 
101430.308: 
101430.308: 
101430.308: 
101430.308: 
101430.308: 
101430.309: 
101430.309: 
101430.309: 
101430.309: 
101430.309: 
101430.356: 
101430.356: 
101430.356: 
101430.356: 
101430.356: 
101430.356: 
101430.356: 
101430.356: 
101430.356: 
101430.356: 
101430.356: 
101430.356: 
101430.356: 
101430.356: 
101430.356: 
101430.356: 
101430.406: 
101430.406: 
101430.406: 
101430.406: 
101430.406: 
101430.406: 
101430.406: 
101430.406: 
101430.406: 
101430.406: 
101430.406: 
101430.406: 
101430.406: 
101430.406: 
101430.406: 
101430.406: 
101430.406: 
101430.406: 
101430.406: 
101430.406: 
101430.406: 
101430.406: 
101430.406: 
101430.406: 
101430.467: R2 con0 is now available
101430.467: 
101430.467: 
101430.467: 
101430.467: 
101430.467: 
101430.512: Press RETURN to get started.
101430.512: 
101438.423: 
101438.423: R2>
101438.423: R2>
101442.119: R2>do wr
101442.119:      ^
101442.176: % Invalid input detected at '^' marker.
101442.176: 
101444.853: R2>wr
101444.855: Translating "wr"
101444.855: 
101444.855: Translating "wr"
101444.855: 
101444.900: % Bad IP address or host name
101444.994: % Unknown command or computer name, or unable to find comp101444.995: uter address
